<?xml version="1.0" encoding="UTF-8"?>
<testng-results skipped="0" failed="0" total="2" passed="2">
  <reporter-output>
  </reporter-output>
  <suite name="Default suite" duration-ms="69594" started-at="2021-08-02T02:43:42Z" finished-at="2021-08-02T02:44:51Z">
    <groups>
    </groups>
    <test name="Default test" duration-ms="69594" started-at="2021-08-02T02:43:42Z" finished-at="2021-08-02T02:44:51Z">
      <class name="com.qa.testcases.HomePageTest">
        <test-method status="PASS" signature="setUp()[pri:0, instance:com.qa.testcases.HomePageTest@3e4f80cb]" name="setUp" is-config="true" duration-ms="55899" started-at="2021-08-01T22:43:42Z" finished-at="2021-08-01T22:44:38Z">
          <reporter-output>
          </reporter-output>
        </test-method> <!-- setUp -->
        <test-method status="PASS" signature="headerTest()[pri:0, instance:com.qa.testcases.HomePageTest@3e4f80cb]" name="headerTest" duration-ms="5120" started-at="2021-08-01T22:44:38Z" finished-at="2021-08-01T22:44:43Z">
          <reporter-output>
          </reporter-output>
        </test-method> <!-- headerTest -->
        <test-method status="PASS" signature="contactLinkText()[pri:0, instance:com.qa.testcases.HomePageTest@3e4f80cb]" name="contactLinkText" duration-ms="3132" started-at="2021-08-01T22:44:43Z" finished-at="2021-08-01T22:44:46Z">
          <reporter-output>
          </reporter-output>
        </test-method> <!-- contactLinkText -->
        <test-method status="PASS" signature="tearDown()[pri:0, instance:com.qa.testcases.HomePageTest@3e4f80cb]" name="tearDown" is-config="true" duration-ms="5228" started-at="2021-08-01T22:44:46Z" finished-at="2021-08-01T22:44:51Z">
          <reporter-output>
          </reporter-output>
        </test-method> <!-- tearDown -->
      </class> <!-- com.qa.testcases.HomePageTest -->
    </test> <!-- Default test -->
  </suite> <!-- Default suite -->
</testng-results>
